<?xml version="1.0" encoding="UTF-8"?>
<!-- Generated by org.testng.reporters.JUnitReportReporter -->
<testsuite hostname="COOL" failures="0" tests="4" name="TestNg.ClassA" time="0.020" errors="0" timestamp="2023-01-04T16:33:26 IST" skipped="0">
  <testcase classname="TestNg.ClassA" name="search" time="0.001"/>
  <system-out/>
  <testcase classname="TestNg.ClassA" name="addToCart" time="0.012"/>
  <system-out/>
  <testcase classname="TestNg.ClassA" name="payment" time="0.003"/>
  <system-out/>
  <testcase classname="TestNg.ClassA" name="select" time="0.004"/>
  <system-out/>
</testsuite> <!-- TestNg.ClassA -->
