<?xml version="1.0" encoding="UTF-8"?>
<!-- Generated by org.testng.reporters.JUnitReportReporter -->
<testsuite hostname="COOL" failures="0" tests="6" name="TestNg.test1" time="0.030" errors="0" timestamp="2023-01-04T16:18:30 IST" skipped="0">
  <testcase classname="TestNg.test1" name="Bdemo" time="0.004"/>
  <system-out/>
  <testcase classname="TestNg.test1" name="demo1" time="0.004"/>
  <system-out/>
  <testcase classname="TestNg.test1" name="demo_" time="0.005"/>
  <system-out/>
  <testcase classname="TestNg.test1" name="ademo" time="0.007"/>
  <system-out/>
  <testcase classname="TestNg.test1" name="bdemo" time="0.009"/>
  <system-out/>
  <testcase classname="TestNg.test1" name="demo2" time="0.001"/>
  <system-out/>
</testsuite> <!-- TestNg.test1 -->
