<?xml version="1.0" encoding="UTF-8"?>
<!-- Generated by org.testng.reporters.JUnitReportReporter -->
<testsuite hostname="COOL" failures="0" tests="10" name="TestNg.InvocationCount" time="0.035" errors="0" timestamp="2023-01-04T16:18:30 IST" skipped="0">
  <testcase classname="TestNg.InvocationCount" name="demoTest" time="0.004"/>
  <system-out/>
  <testcase classname="TestNg.InvocationCount" name="demoTest" time="0.003"/>
  <system-out/>
  <testcase classname="TestNg.InvocationCount" name="demoTest" time="0.005"/>
  <system-out/>
  <testcase classname="TestNg.InvocationCount" name="demoTest" time="0.005"/>
  <system-out/>
  <testcase classname="TestNg.InvocationCount" name="demoTest" time="0.002"/>
  <system-out/>
  <testcase classname="TestNg.InvocationCount" name="demoTest1" time="0.004"/>
  <system-out/>
  <testcase classname="TestNg.InvocationCount" name="demoTest1" time="0.004"/>
  <system-out/>
  <testcase classname="TestNg.InvocationCount" name="demoTest1" time="0.002"/>
  <system-out/>
  <testcase classname="TestNg.InvocationCount" name="demoTest1" time="0.003"/>
  <system-out/>
  <testcase classname="TestNg.InvocationCount" name="demoTest1" time="0.003"/>
  <system-out/>
</testsuite> <!-- TestNg.InvocationCount -->
