<?xml version="1.0" encoding="UTF-8"?>
<!-- Generated by org.testng.reporters.JUnitReportReporter -->
<testsuite hostname="COOL" failures="0" tests="2" name="BasicTestScript.DemoTestScriptTest" time="0.011" errors="0" timestamp="2023-01-06T15:53:20 IST" skipped="0">
  <testcase classname="BasicTestScript.DemoTestScriptTest" name="verifyHomePage" time="0.008"/>
  <system-out/>
  <testcase classname="BasicTestScript.DemoTestScriptTest" name="verifyCustomer" time="0.003"/>
  <system-out/>
</testsuite> <!-- BasicTestScript.DemoTestScriptTest -->
