<?xml version="1.0" encoding="UTF-8"?>
<!-- Generated by org.testng.reporters.JUnitReportReporter -->
<testsuite hostname="COOL" failures="0" tests="1" name="TestNg.HardAssert" time="0.016" errors="0" timestamp="2023-01-05T16:27:15 IST" skipped="0">
  <testcase classname="TestNg.HardAssert" name="demo" time="0.016"/>
  <system-out/>
</testsuite> <!-- TestNg.HardAssert -->
