<?xml version="1.0" encoding="UTF-8"?>
<!-- Generated by org.testng.reporters.JUnitReportReporter -->
<testsuite hostname="COOL" failures="0" tests="6" name="TestNg.Priority" time="0.042" errors="0" timestamp="2023-01-04T16:18:30 IST" skipped="0">
  <testcase classname="TestNg.Priority" name="ademo1" time="0.010"/>
  <system-out/>
  <testcase classname="TestNg.Priority" name="demo1" time="0.004"/>
  <system-out/>
  <testcase classname="TestNg.Priority" name="bdemo" time="0.006"/>
  <system-out/>
  <testcase classname="TestNg.Priority" name="Bdemo" time="0.009"/>
  <system-out/>
  <testcase classname="TestNg.Priority" name="demo2" time="0.007"/>
  <system-out/>
  <testcase classname="TestNg.Priority" name="ademo" time="0.006"/>
  <system-out/>
</testsuite> <!-- TestNg.Priority -->
