<?xml version="1.0" encoding="UTF-8"?>
<!-- Generated by org.testng.reporters.JUnitReportReporter -->
<testsuite hostname="COOL" failures="0" tests="1" name="TestNg.SoftAssert" time="0.018" errors="0" timestamp="2023-01-05T16:48:05 IST" skipped="0">
  <testcase classname="TestNg.SoftAssert" name="demo" time="0.018"/>
  <system-out/>
</testsuite> <!-- TestNg.SoftAssert -->
