<?xml version="1.0" encoding="UTF-8"?>
<!-- Generated by org.testng.reporters.JUnitReportReporter -->
<testsuite hostname="COOL" failures="0" tests="1" name="TestNg.ClassC" time="10.485" errors="0" timestamp="2023-01-04T16:55:15 IST" skipped="0">
  <testcase classname="TestNg.ClassC" name="demo1" time="10.485"/>
  <system-out/>
</testsuite> <!-- TestNg.ClassC -->
