<?xml version="1.0" encoding="UTF-8"?>
<!-- Generated by org.testng.reporters.JUnitReportReporter -->
<testsuite hostname="COOL" failures="0" tests="3" name="TestNg.DataProvider" time="0.014" errors="0" timestamp="2023-01-04T16:18:30 IST" skipped="0">
  <testcase classname="TestNg.DataProvider" name="test" time="0.002"/>
  <system-out/>
  <testcase classname="TestNg.DataProvider" name="test" time="0.005"/>
  <system-out/>
  <testcase classname="TestNg.DataProvider" name="test" time="0.007"/>
  <system-out/>
</testsuite> <!-- TestNg.DataProvider -->
