<?xml version="1.0" encoding="UTF-8"?>
<!-- Generated by org.testng.reporters.JUnitReportReporter -->
<testsuite hostname="COOL" failures="0" tests="1" name="TestNg.ClassD" time="10.486" errors="0" timestamp="2023-01-04T16:55:15 IST" skipped="0">
  <testcase classname="TestNg.ClassD" name="demo1" time="10.486"/>
  <system-out/>
</testsuite> <!-- TestNg.ClassD -->
